#
# There is insufficient memory for the Java Runtime Environment to continue.
# Native memory allocation (malloc) failed to allocate 1048576 bytes. Error detail: AllocateHeap
# Possible reasons:
#   The system is out of physical RAM or swap space
#   This process is running with CompressedOops enabled, and the Java Heap may be blocking the growth of the native heap
# Possible solutions:
#   Reduce memory load on the system
#   Increase physical memory or swap space
#   Check if swap backing store is full
#   Decrease Java heap size (-Xmx/-Xms)
#   Decrease number of Java threads
#   Decrease Java thread stack sizes (-Xss)
#   Set larger code cache with -XX:ReservedCodeCacheSize=
#   JVM is running with Unscaled Compressed Oops mode in which the Java heap is
#     placed in the first 4GB address space. The Java Heap base address is the
#     maximum limit for the native heap growth. Please use -XX:HeapBaseMinAddress
#     to set the Java Heap base and to place the Java Heap above 4GB virtual address.
# This output file may be truncated or incomplete.
#
#  Out of Memory Error (allocation.cpp:44), pid=1216, tid=13796
#
# JRE version:  (24.0+36) (build )
# Java VM: Java HotSpot(TM) 64-Bit Server VM (24+36-3646, mixed mode, sharing, tiered, compressed oops, compressed class ptrs, g1 gc, windows-amd64)
# No core dump will be written. Minidumps are not enabled by default on client versions of Windows
#

---------------  S U M M A R Y ------------

Command Line: -javaagent:C:\Users\ADMIN\AppData\Local\Google\AndroidStudio2025.2.3\testAgent\intellij.platform.coverage.agent.jar=C:\Users\ADMIN\AppData\Local\Temp\coverage1args -Didea.coverage.calculate.hits=true -javaagent:C:\Program Files\Android\Android Studio\lib\idea_rt.jar=61046 -Dfile.encoding=UTF-8 com.example.test.TestKt

Host: 12th Gen Intel(R) Core(TM) i7-12650H, 16 cores, 15G,  Windows 11 , 64 bit Build 26100 (10.0.26100.7623)
Time: Sun Jan 25 16:46:06 2026 SE Asia Standard Time elapsed time: 2.032211 seconds (0d 0h 0m 2s)

---------------  T H R E A D  ---------------

Current thread (0x0000024671246ff0):  JavaThread "Unknown thread" [_thread_in_vm, id=13796, stack(0x000000cca2f00000,0x000000cca3000000) (1024K)]

Stack: [0x000000cca2f00000,0x000000cca3000000]
Native frames: (J=compiled Java code, j=interpreted, Vv=VM code, C=native code)
V  [jvm.dll+0x7308c9]  (no source info available)
V  [jvm.dll+0x8d9ca3]  (no source info available)
V  [jvm.dll+0x8dc13d]  (no source info available)
V  [jvm.dll+0x8dc7b3]  (no source info available)
V  [jvm.dll+0x2aa046]  (no source info available)
V  [jvm.dll+0xbe977]  (no source info available)
V  [jvm.dll+0x35ae88]  (no source info available)
V  [jvm.dll+0x89d3e3]  (no source info available)
V  [jvm.dll+0x3f98fd]  (no source info available)
V  [jvm.dll+0x885a76]  (no source info available)
V  [jvm.dll+0x49604e]  (no source info available)
V  [jvm.dll+0x497e21]  (no source info available)
C  [jli.dll+0x52a1]  (no source info available)
C  [ucrtbase.dll+0x37b0]  (no source info available)
C  [KERNEL32.DLL+0x2e8d7]  (no source info available)
C  [ntdll.dll+0x8c53c]  (no source info available)

Lock stack of current Java thread (top to bottom):


---------------  P R O C E S S  ---------------

Threads class SMR info:
_java_thread_list=0x00007ffa108af318, length=0, elements={
}

Java Threads: ( => current thread )
Total: 0

Other Threads:

=>0x0000024671246ff0 (exited) JavaThread "Unknown thread"    [_thread_in_vm, id=13796, stack(0x000000cca2f00000,0x000000cca3000000) (1024K)]
Total: 1

Threads with active compile tasks:
Total: 0

VM state: not at safepoint (not fully initialized)

VM Mutex/Monitor currently owned by a thread: None

Heap address: 0x0000000000000000, size: 0 MB, Compressed Oops mode: 32-bit

CDS archive(s) mapped at: [0x0000000000000000-0x0000000000000000-0x0000000000000000), size 0, SharedBaseAddress: 0x0000000800000000, ArchiveRelocationMode: 1.
UseCompressedClassPointers 1, UseCompactObjectHeaders 0
Narrow klass pointer bits 32, Max shift 3
Narrow klass base: 0xffffffffffffffff, Narrow klass shift: -1
Encoding Range: [0xffffffffffffffff - 0x000000007fffffff), (2147483648 bytes)
Klass Range:    [0x0000000000000000 - 0x0000000000000000), (0 bytes)
Klass ID Range:  [4294967295 - 0) (1)

GC Precious Log:
 CardTable entry size: 512
 Card Set container configuration: InlinePtr #cards 4 size 8 Array Of Cards #cards 16 size 48 Howl #buckets 8 coarsen threshold 3686 Howl Bitmap #cards 512 size 80 coarsen threshold 460 Card regions per heap region 1 cards per card region 4096

GC Heap History (0 events):
No events

Dll operation events (2 events):
Event: 0.011 Loaded shared library C:\Program Files\Java\jdk-24\bin\java.dll
Event: 0.013 Loaded shared library C:\Program Files\Java\jdk-24\bin\zip.dll

Deoptimization events (0 events):
No events

Classes loaded (0 events):
No events

Classes unloaded (0 events):
No events

Classes redefined (0 events):
No events

Internal exceptions (0 events):
No events

VM Operations (0 events):
No events

Memory protections (0 events):
No events

Nmethod flushes (0 events):
No events

Events (0 events):
No events


Dynamic libraries:
0x00007ff7453c0000 - 0x00007ff7453d0000 	C:\Program Files\Java\jdk-24\bin\java.exe
0x00007ffaca500000 - 0x00007ffaca767000 	C:\WINDOWS\SYSTEM32\ntdll.dll
0x00007ffac92e0000 - 0x00007ffac93a9000 	C:\WINDOWS\System32\KERNEL32.DLL
0x00007ffac7650000 - 0x00007ffac7a3f000 	C:\WINDOWS\System32\KERNELBASE.dll
0x00007ffac8070000 - 0x00007ffac81bb000 	C:\WINDOWS\System32\ucrtbase.dll
0x00007ffab7b20000 - 0x00007ffab7b3b000 	C:\Program Files\Java\jdk-24\bin\VCRUNTIME140.dll
0x00007ffa8be30000 - 0x00007ffa8be46000 	C:\Program Files\Java\jdk-24\bin\jli.dll
0x00007ffac9fc0000 - 0x00007ffaca185000 	C:\WINDOWS\System32\USER32.dll
0x00007ffac8270000 - 0x00007ffac8297000 	C:\WINDOWS\System32\win32u.dll
0x00007ffaac920000 - 0x00007ffaacbb3000 	C:\WINDOWS\WinSxS\amd64_microsoft.windows.common-controls_6595b64144ccf1df_6.0.26100.7309_none_3e05feeae336a044\COMCTL32.dll
0x00007ffac9bc0000 - 0x00007ffac9beb000 	C:\WINDOWS\System32\GDI32.dll
0x00007ffac7e80000 - 0x00007ffac7fac000 	C:\WINDOWS\System32\gdi32full.dll
0x00007ffac82a0000 - 0x00007ffac8349000 	C:\WINDOWS\System32\msvcrt.dll
0x00007ffac7bd0000 - 0x00007ffac7c73000 	C:\WINDOWS\System32\msvcp_win.dll
0x00007ffaca210000 - 0x00007ffaca241000 	C:\WINDOWS\System32\IMM32.DLL
0x00007ffa8be20000 - 0x00007ffa8be2c000 	C:\Program Files\Java\jdk-24\bin\vcruntime140_1.dll
0x00007ffa852b0000 - 0x00007ffa8533e000 	C:\Program Files\Java\jdk-24\bin\msvcp140.dll
0x00007ffa0fc70000 - 0x00007ffa10a12000 	C:\Program Files\Java\jdk-24\bin\server\jvm.dll
0x00007ffac9500000 - 0x00007ffac95b4000 	C:\WINDOWS\System32\ADVAPI32.dll
0x00007ffac9640000 - 0x00007ffac96e6000 	C:\WINDOWS\System32\sechost.dll
0x00007ffac93b0000 - 0x00007ffac94c8000 	C:\WINDOWS\System32\RPCRT4.dll
0x00007ffac95c0000 - 0x00007ffac9634000 	C:\WINDOWS\System32\WS2_32.dll
0x00007ffac6b40000 - 0x00007ffac6b9e000 	C:\WINDOWS\SYSTEM32\POWRPROF.dll
0x00007ffabcbe0000 - 0x00007ffabcc15000 	C:\WINDOWS\SYSTEM32\WINMM.dll
0x00007ffabefd0000 - 0x00007ffabefdb000 	C:\WINDOWS\SYSTEM32\VERSION.dll
0x00007ffac6b20000 - 0x00007ffac6b34000 	C:\WINDOWS\SYSTEM32\UMPDC.dll
0x00007ffac6400000 - 0x00007ffac641b000 	C:\WINDOWS\SYSTEM32\kernel.appcore.dll
0x00007ffa8be10000 - 0x00007ffa8be1a000 	C:\Program Files\Java\jdk-24\bin\jimage.dll
0x00007ffac4320000 - 0x00007ffac4562000 	C:\WINDOWS\SYSTEM32\DBGHELP.DLL
0x00007ffac87e0000 - 0x00007ffac8b66000 	C:\WINDOWS\System32\combase.dll
0x00007ffac9d60000 - 0x00007ffac9e36000 	C:\WINDOWS\System32\OLEAUT32.dll
0x00007ffa9b630000 - 0x00007ffa9b66c000 	C:\WINDOWS\SYSTEM32\dbgcore.DLL
0x00007ffac81c0000 - 0x00007ffac8265000 	C:\WINDOWS\System32\bcryptPrimitives.dll
0x00007ffa8bd20000 - 0x00007ffa8bd2f000 	C:\Program Files\Java\jdk-24\bin\instrument.dll
0x00007ffa86fd0000 - 0x00007ffa86fee000 	C:\Program Files\Java\jdk-24\bin\java.dll
0x00007ffaca2d0000 - 0x00007ffaca467000 	C:\WINDOWS\System32\ole32.dll
0x00007ffac8b70000 - 0x00007ffac92c3000 	C:\WINDOWS\System32\SHELL32.dll
0x00007ffac7d10000 - 0x00007ffac7e7a000 	C:\WINDOWS\System32\wintypes.dll
0x00007ffa86c20000 - 0x00007ffa86c37000 	C:\Program Files\Java\jdk-24\bin\zip.dll

dbghelp: loaded successfully - version: 4.0.5 - missing functions: none
symbol engine: initialized successfully - sym options: 0x614 - pdb path: .;C:\Program Files\Java\jdk-24\bin;C:\WINDOWS\SYSTEM32;C:\WINDOWS\WinSxS\amd64_microsoft.windows.common-controls_6595b64144ccf1df_6.0.26100.7309_none_3e05feeae336a044;C:\Program Files\Java\jdk-24\bin\server

VM Arguments:
jvm_args: -javaagent:C:\Users\ADMIN\AppData\Local\Google\AndroidStudio2025.2.3\testAgent\intellij.platform.coverage.agent.jar=C:\Users\ADMIN\AppData\Local\Temp\coverage1args -Didea.coverage.calculate.hits=true -javaagent:C:\Program Files\Android\Android Studio\lib\idea_rt.jar=61046 -Dfile.encoding=UTF-8 
java_command: com.example.test.TestKt
java_class_path (initial): C:\Users\ADMIN\AppData\Local\Android\Sdk\platforms\android-36\android.jar;C:\Users\ADMIN\AppData\Local\Android\Sdk\platforms\android-36\data\res;C:\Users\ADMIN\AndroidStudioProjects\Test\app\test\build\intermediates\compile_r_class_jar\debug\generateDebugRFile\R.jar;C:\Users\ADMIN\AndroidStudioProjects\Test\app\test\build\intermediates\built_in_kotlinc\debug\compileDebugKotlin\classes;C:\Users\ADMIN\.gradle\caches\9.1.0\transforms\877ea4781c66aaa171a309b85108151d\workspace\transformed\core-ktx-1.10.1\jars\classes.jar;C:\Users\ADMIN\.gradle\caches\9.1.0\transforms\877ea4781c66aaa171a309b85108151d\workspace\transformed\core-ktx-1.10.1\res;C:\Users\ADMIN\.gradle\caches\9.1.0\transforms\877ea4781c66aaa171a309b85108151d\workspace\transformed\core-ktx-1.10.1\AndroidManifest.xml;C:\Users\ADMIN\.gradle\caches\9.1.0\transforms\f77e7fa219bee9a7cf328351282a6424\workspace\transformed\core-1.10.1\jars\classes.jar;C:\Users\ADMIN\.gradle\caches\9.1.0\transforms\f77e7fa219bee9a7cf328351282a6424\workspace\transformed\core-1.10.1\res;C:\Users\ADMIN\.gradle\caches\9.1.0\transforms\f77e7fa219bee9a7cf328351282a6424\workspace\transformed\core-1.10.1\AndroidManifest.xml;C:\Users\ADMIN\.gradle\caches\9.1.0\transforms\42c62f324352232512b4db74694a5693\workspace\transformed\annotation-experimental-1.3.0\jars\classes.jar;C:\Users\ADMIN\.gradle\caches\9.1.0\transforms\42c62f324352232512b4db74694a5693\workspace\transformed\annotation-experimental-1.3.0\AndroidManifest.xml;C:\Users\ADMIN\.gradle\caches\9.1.0\transforms\42c62f324352232512b4db74694a5693\workspace\transformed\annotation-experimental-1.3.0\res;C:\Users\ADMIN\.gradle\caches\9.1.0\transforms\c4235574f80bd2148c2c28ebe78e49c4\workspace\transformed\lifecycle-runtime-2.6.1\res;C:\Users\ADMIN\.gradle\caches\9.1.0\transforms\c4235574f80bd2148c2c28ebe78e49c4\workspace\transformed\lifecycle-runtime-2.6.1\jars\classes.jar;C:\Users\ADMIN\.gradle\caches\9.1.0\transforms\c4235574f80bd2148c2c28ebe78e49c4\workspace\transformed\lifecycle-runtime-2.6.1\AndroidManifest.xml;C:\Users\ADMIN\.gradle\caches\9.1.0\transforms\4f285afbc49bc7b82a583c5639de962f\workspace\transformed\versionedparcelable-1.1.1\jars\classes.jar;C:\Users\ADMIN\.gradle\caches\9.1.0\transforms\4f285afbc49bc7b82a583c5639de962f\workspace\transformed\versionedparcelable-1.1.1\AndroidManifest.xml;C:\Users\ADMIN\.gradle\caches\9.1.0\transforms\ca0c924056bdfcb3d091dcf5b39d169a\workspace\transformed\appcompat-1.6.1\AndroidManifest.xml;C:\Users\ADMIN\.gradle\caches\9.1.0\transforms\ca0c924056bdfcb3d091dcf5b39d169a\workspace\transformed\appcompat-1.6.1\res;C:\Users\ADMIN\.gradle\caches\9.1.0\transforms\ca0c924056bdfcb3d091dcf5b39d169a\workspace\transformed\appcompat-1.6.1\jars\classes.jar;C:\Users\ADMIN\.gradle\caches\9.1.0\transforms\3cd25024917a6f49336424c53b45b2eb\workspace\transformed\activity-1.8.0\AndroidManifest.xml;C:\Users\ADMIN\.gradle\caches\9.1.0\transforms\3cd25024917a6f49336424c53b45b2eb\workspace\transformed\activity-1.8.0\res;C:\Users\ADMIN\.gradle\caches\9.1.0\transforms\3cd25024917a6f49336424c53b45b2eb\workspace\transformed\activity-1.8.0\jars\classes.jar;C:\Users\ADMIN\.gradle\caches\9.1.0\transforms\f8a9596bc9048b75f76cc784caaacc1f\workspace\transformed\lifecycle-viewmodel-2.6.1\res;C:\Users\ADMIN\.gradle\caches\9.1.0\transforms\f8a9596bc9048b75f76cc784caaacc1f\workspace\transformed\lifecycle-viewmodel-2.6.1\jars\classes.jar;C:\Users\ADMIN\.gradle\caches\9.1.0\transforms\f8a9596bc9048b75f76cc784caaacc1f\workspace\transformed\lifecycle-viewmodel-2.6.1\AndroidManifest.xml;C:\Users\ADMIN\.gradle\caches\9.1.0\transforms\9ddd1ccd5b1abd28e642359fadbf52c7\workspace\transformed\lifecycle-viewmodel-savedstate-2.6.1\res;C:\Users\ADMIN\.gradle\caches\9.1.0\transforms\9ddd1ccd5b1abd28e642359fadbf52c7\workspace\transformed\lifecycle-viewmodel-savedstate-2.6.1\jars\classes.jar;C:\Users\ADMIN\.gradle\caches\9.1.0\transforms\9ddd1ccd5b1abd28e642359fadbf52c7\workspace\transformed\lifecycle-viewmodel-savedstate-2.6.1\AndroidManifest.xml;C:\Users\ADMIN\.gradle\caches\9.1.0\transforms\70ed8545cb2d8ede810d9dee463c9c0a\workspace\transformed\lifecycle-livedata-core-2.6.1\jars\classes.jar;C:\Users\ADMIN\.gradle\caches\9.1.0\transforms\70ed8545cb2d8ede810d9dee463c9c0a\workspace\transformed\lifecycle-livedata-core-2.6.1\res;C:\Users\ADMIN\.gradle\caches\9.1.0\transforms\70ed8545cb2d8ede810d9dee463c9c0a\workspace\transformed\lifecycle-livedata-core-2.6.1\AndroidManifest.xml;C:\Users\ADMIN\.gradle\caches\9.1.0\transforms\60eca51515889ebbf3f0af3902f77f26\workspace\transformed\savedstate-1.2.1\AndroidManifest.xml;C:\Users\ADMIN\.gradle\caches\9.1.0\transforms\60eca51515889ebbf3f0af3902f77f26\workspace\transformed\savedstate-1.2.1\res;C:\Users\ADMIN\.gradle\caches\9.1.0\transforms\60eca51515889ebbf3f0af3902f77f26\workspace\transformed\savedstate-1.2.1\jars\classes.jar;C:\Users\ADMIN\.gradle\caches\9.1.0\transforms\ef00080bd7a403457a4318dd632e921b\workspace\transformed\appcompat-resources-1.6.1\res;C:\Users\ADMIN\.gradle\caches\9.1.0\transforms\ef00080bd7a403457a4318dd632e921b\workspace\transformed\appcompat-resources-1.6.1\AndroidManifest.xml;C:\Users\ADMIN\.gradle\caches\9.1.0\transforms\ef00080bd7a403457a4318dd632e921b\workspace\transformed\appcompat-resources-1.6.1\jars\classes.jar;C:\Users\ADMIN\.gradle\caches\9.1.0\transforms\fca28e1f564fe1a3c01232aed1dc113d\workspace\transformed\vectordrawable-1.1.0\AndroidManifest.xml;C:\Users\ADMIN\.gradle\caches\9.1.0\transforms\fca28e1f564fe1a3c01232aed1dc113d\workspace\transformed\vectordrawable-1.1.0\jars\classes.jar;C:\Users\ADMIN\.gradle\caches\9.1.0\transforms\93294baf5a4f1f798d978ee910185c5f\workspace\transformed\vectordrawable-animated-1.1.0\AndroidManifest.xml;C:\Users\ADMIN\.gradle\caches\9.1.0\transforms\93294baf5a4f1f798d978ee910185c5f\workspace\transformed\vectordrawable-animated-1.1.0\jars\classes.jar;C:\Users\ADMIN\.gradle\caches\9.1.0\transforms\84a256434e5591fefcdb519ed83bc548\workspace\transformed\interpolator-1.0.0\AndroidManifest.xml;C:\Users\ADMIN\.gradle\caches\9.1.0\transforms\84a256434e5591fefcdb519ed83bc548\workspace\transformed\interpolator-1.0.0\jars\classes.jar;C:\Users\ADMIN\.gradle\caches\9.1.0\transforms\c3e8e96ad833e037647503fd8b406293\workspace\transformed\cursoradapter-1.0.0\AndroidManifest.xml;C:\Users\ADMIN\.gradle\caches\9.1.0\transforms\c3e8e96ad833e037647503fd8b406293\workspace\transformed\cursoradapter-1.0.0\jars\classes.jar;C:\Users\ADMIN\.gradle\caches\9.1.0\transforms\9ef8b1aa05cc42f18c25094dfce43d46\workspace\transformed\drawerlayout-1.1.1\jars\classes.jar;C:\Users\ADMIN\.gradle\caches\9.1.0\transforms\9ef8b1aa05cc42f18c25094dfce43d46\workspace\transformed\drawerlayout-1.1.1\res;C:\Users\ADMIN\.gradle\caches\9.1.0\transforms\9ef8b1aa05cc42f18c25094dfce43d46\workspace\transformed\drawerlayout-1.1.1\AndroidManifest.xml;C:\Users\ADMIN\.gradle\caches\9.1.0\transforms\0364c72cd5b2998f80c10e450bb83394\workspace\transformed\customview-1.1.0\jars\classes.jar;C:\Users\ADMIN\.gradle\caches\9.1.0\transforms\0364c72cd5b2998f80c10e450bb83394\workspace\transformed\customview-1.1.0\AndroidManifest.xml;C:\Users\ADMIN\.gradle\caches\9.1.0\transforms\e71066becd7b136963e2b2f9c618893f\workspace\transformed\fragment-1.3.6\res;C:\Users\ADMIN\.gradle\caches\9.1.0\transforms\e71066becd7b136963e2b2f9c618893f\workspace\transformed\fragment-1.3.6\AndroidManifest.xml;C:\Users\ADMIN\.gradle\caches\9.1.0\transforms\e71066becd7b136963e2b2f9c618893f\workspace\transformed\fragment-1.3.6\jars\classes.jar;C:\Users\ADMIN\.gradle\caches\9.1.0\transforms\f2f891c43cd0a1b4f3ce8bb55a9d43ed\workspace\transformed\viewpager-1.0.0\jars\classes.jar;C:\Users\ADMIN\.gradle\caches\9.1.0\transforms\f2f891c43cd0a1b4f3ce8bb55a9d43ed\workspace\transformed\viewpager-1.0.0\AndroidManifest.xml;C:\Users\ADMIN\.gradle\caches\9.1.0\transforms\c8b61cf59cde277cbd6d64d5ac7fac69\workspace\transformed\loader-1.0.0\AndroidManifest.xml;C:\Users\ADMIN\.gradle\caches\9.1.0\transforms\c8b61cf59cde277cbd6d64d5ac7fac69\workspace\transformed\loader-1.0.0\jars\classes.jar;C:\Users\ADMIN\.gradle\caches\9.1.0\transforms\8aecbd3ab11160d70bacfdf41dc1a951\workspace\transformed\lifecycle-livedata-2.6.1\AndroidManifest.xml;C:\Users\ADMIN\.gradle\caches\9.1.0\transforms\8aecbd3ab11160d70bacfdf41dc1a951\workspace\transformed\lifecycle-livedata-2.6.1\jars\classes.jar;C:\Users\ADMIN\.gradle\caches\9.1.0\transforms\8aecbd3ab11160d70bacfdf41dc1a951\workspace\transformed\lifecycle-livedata-2.6.1\res;C:\Users\ADMIN\.gradle\caches\9.1.0\transforms\585556c82f0ab1eeeecc956f27f52750\workspace\transformed\core-runtime-2.1.0\AndroidManifest.xml;C:\Users\ADMIN\.gradle\caches\9.1.0\transforms\585556c82f0ab1eeeecc956f27f52750\workspace\transformed\core-runtime-2.1.0\jars\classes.jar;C:\Users\ADMIN\.gradle\caches\9.1.0\transforms\4dd3b6a2b409051f2fb48e2ab4a81685\workspace\transformed\material-1.10.0\AndroidManifest.xml;C:\Users\ADMIN\.gradle\caches\9.1.0\transforms\4dd3b6a2b409051f2fb48e2ab4a81685\workspace\transformed\material-1.10.0\jars\classes.jar;C:\Users\ADMIN\.gradle\caches\9.1.0\transforms\4dd3b6a2b409051f2fb48e2ab4a81685\workspace\transformed\material-1.10.0\res;C:\Users\ADMIN\.gradle\caches\9.1.0\transforms\5c1ffb4f83556e6c505a0338b7ac3962\workspace\transformed\cardview-1.0.0\res;C:\Users\ADMIN\.gradle\caches\9.1.0\transforms\5c1ffb4f83556e6c505a0338b7ac3962\workspace\transformed\cardview-1.0.0\jars\classes.jar;C:\Users\ADMIN\.gradle\caches\9.1.0\transforms\5c1ffb4f83556e6c505a0338b7ac3962\workspace\transformed\cardview-1.0.0\AndroidManifest.xml;C:\Users\ADMIN\.gradle\caches\9.1.0\transforms\baaa1dc1bb16c7ac863804eec32674a5\workspace\transformed\coordinatorlayout-1.1.0\res;C:\Users\ADMIN\.gradle\caches\9.1.0\transforms\baaa1dc1bb16c7ac863804eec32674a5\workspace\transformed\coordinatorlayout-1.1.0\jars\classes.jar;C:\Users\ADMIN\.gradle\caches\9.1.0\transforms\baaa1dc1bb16c7ac863804eec32674a5\workspace\transformed\coordinatorlayout-1.1.0\AndroidManifest.xml;C:\Users\ADMIN\.gradle\caches\9.1.0\transforms\56d209d68eb19c76b70e0712e6f155f6\workspace\transformed\constraintlayout-2.0.1\AndroidManifest.xml;C:\Users\ADMIN\.gradle\caches\9.1.0\transforms\56d209d68eb19c76b70e0712e6f155f6\workspace\transformed\constraintlayout-2.0.1\jars\classes.jar;C:\Users\ADMIN\.gradle\caches\9.1.0\transforms\56d209d68eb19c76b70e0712e6f155f6\workspace\transformed\constraintlayout-2.0.1\res;C:\Users\ADMIN\.gradle\caches\9.1.0\transforms\8430057aa949a156129496e2b1d3cd11\workspace\transformed\dynamicanimation-1.0.0\jars\classes.jar;C:\Users\ADMIN\.gradle\caches\9.1.0\transforms\8430057aa949a156129496e2b1d3cd11\workspace\transformed\dynamicanimation-1.0.0\AndroidManifest.xml;C:\Users\ADMIN\.gradle\caches\9.1.0\transforms\70059e97775a4095ef7d00fa96f5feca\workspace\transformed\legacy-support-core-utils-1.0.0\jars\classes.jar;C:\Users\ADMIN\.gradle\caches\9.1.0\transforms\70059e97775a4095ef7d00fa96f5feca\workspace\transformed\legacy-support-core-utils-1.0.0\AndroidManifest.xml;C:\Users\ADMIN\.gradle\caches\9.1.0\transforms\012c8ba2e8ad4e878b7c1cc574dd88f7\workspace\transformed\documentfile-1.0.0\jars\classes.jar;C:\Users\ADMIN\.gradle\caches\9.1.0\transforms\012c8ba2e8ad4e878b7c1cc574dd88f7\workspace\transformed\documentfile-1.0.0\AndroidManifest.xml;C:\Users\ADMIN\.gradle\caches\9.1.0\transforms\cb94142fc7b3da6f2fb9fb2f1625de79\workspace\transformed\localbroadcastmanager-1.0.0\jars\classes.jar;C:\Users\ADMIN\.gradle\caches\9.1.0\transforms\cb94142fc7b3da6f2fb9fb2f1625de79\workspace\transformed\localbroadcastmanager-1.0.0\AndroidManifest.xml;C:\Users\ADMIN\.gradle\caches\9.1.0\transforms\81dee494293f8281c2b3ffb96f5ef014\workspace\transformed\print-1.0.0\jars\classes.jar;C:\Users\ADMIN\.gradle\caches\9.1.0\transforms\81dee494293f8281c2b3ffb96f5ef014\workspace\transformed\print-1.0.0\AndroidManifest.xml;C:\Users\ADMIN\.gradle\caches\9.1.0\transforms\f9b261a28e09d6f419e28db992cfea4c\workspace\transformed\recyclerview-1.1.0\res;C:\Users\ADMIN\.gradle\caches\9.1.0\transforms\f9b261a28e09d6f419e28db992cfea4c\workspace\transformed\recyclerview-1.1.0\AndroidManifest.xml;C:\Users\ADMIN\.gradle\caches\9.1.0\transforms\f9b261a28e09d6f419e28db992cfea4c\workspace\transformed\recyclerview-1.1.0\jars\classes.jar;C:\Users\ADMIN\.gradle\caches\9.1.0\transforms\0cd49698671d8faec4fac8e442e94e37\workspace\transformed\transition-1.2.0\jars\classes.jar;C:\Users\ADMIN\.gradle\caches\9.1.0\transforms\0cd49698671d8faec4fac8e442e94e37\workspace\transformed\transition-1.2.0\AndroidManifest.xml;C:\Users\ADMIN\.gradle\caches\9.1.0\transforms\0cd49698671d8faec4fac8e442e94e37\workspace\transformed\transition-1.2.0\res;C:\Users\ADMIN\.gradle\caches\9.1.0\transforms\0601a4e85d209364816d285ea0e27324\workspace\transformed\viewpager2-1.0.0\res;C:\Users\ADMIN\.gradle\caches\9.1.0\transforms\0601a4e85d209364816d285ea0e27324\workspace\transformed\viewpager2-1.0.0\AndroidManifest.xml;C:\Users\ADMIN\.gradle\caches\9.1.0\transforms\0601a4e85d209364816d285ea0e27324\workspace\transformed\viewpager2-1.0.0\jars\classes.jar;C:\Users\ADMIN\.gradle\caches\modules-2\files-2.1\org.jetbrains.kotlin\kotlin-stdlib\2.2.10\30de6faa127a4a012db8e71bf1b9c0a99b1402b2\kotlin-stdlib-2.2.10.jar;C:\Users\ADMIN\.gradle\caches\modules-2\files-2.1\org.jetbrains\annotations\13.0\919f0dfe192fb4e063e7dacadee7f8bb9a2672a9\annotations-13.0.jar;C:\Users\ADMIN\.gradle\caches\modules-2\files-2.1\androidx.annotation\annotation-jvm\1.6.0\a7257339a052df0f91433cf9651231bbb802b502\annotation-jvm-1.6.0.jar;C:\Users\ADMIN\.gradle\caches\modules-2\files-2.1\androidx.arch.core\core-common\2.2.0\5e1b8b81dfd5f52c56a8d53b18ca759c19a301f3\core-common-2.2.0.jar;C:\Users\ADMIN\.gradle\caches\modules-2\files-2.1\androidx.lifecycle\lifecycle-common\2.6.1\10f354fdb64868baecd67128560c5a0d6312c495\lifecycle-common-2.6.1.jar;C:\Users\ADMIN\.gradle\caches\modules-2\files-2.1\org.jetbrains.kotlinx\kotlinx-coroutines-android\1.6.4\f955fc8b2ad196e2f4429598440e15f7492eeb2b\kotlinx-coroutines-android-1.6.4.jar;C:\Users\ADMIN\.gradle\caches\modules-2\files-2.1\org.jetbrains.kotlinx\kotlinx-coroutines-core-jvm\1.6.4\2c997cd1c0ef33f3e751d3831929aeff1390cb30\kotlinx-coroutines-core-jvm-1.6.4.jar;C:\Users\ADMIN\.gradle\caches\modules-2\files-2.1\org.jetbrains.kotlin\kotlin-stdlib-jdk8\1.8.0\ed04f49e186a116753ad70d34f0ac2925d1d8020\kotlin-stdlib-jdk8-1.8.0.jar;C:\Users\ADMIN\.gradle\caches\modules-2\files-2.1\org.jetbrains.kotlin\kotlin-stdlib-jdk7\1.8.0\3c91271347f678c239607abb676d4032a7898427\kotlin-stdlib-jdk7-1.8.0.jar;C:\Users\ADMIN\.gradle\caches\modules-2\files-2.1\androidx.collection\collection\1.1.0\1f27220b47669781457de0d600849a5de0e89909\collection-1.1.0.jar;C:\Users\ADMIN\.gradle\caches\modules-2\files-2.1\androidx.constraintlayout\constraintlayout-solver\2.0.1\30988fe2d77f3fe3bf7551bb8a8b795fad7e7226\constraintlayout-solver-2.0.1.jar;C:\Users\ADMIN\.gradle\caches\modules-2\files-2.1\androidx.resourceinspection\resourceinspection-annotation\1.0.1\8c21f8ff5d96d5d52c948707f7e4d6ca6773feef\resourceinspection-annotation-1.0.1.jar
Launcher Type: SUN_STANDARD

[Global flags]
     intx CICompilerCount                          = 12                                        {product} {ergonomic}
     uint ConcGCThreads                            = 3                                         {product} {ergonomic}
     uint G1ConcRefinementThreads                  = 13                                        {product} {ergonomic}
   size_t G1HeapRegionSize                         = 2097152                                   {product} {ergonomic}
   size_t InitialHeapSize                          = 264241152                                 {product} {ergonomic}
   size_t MarkStackSize                            = 4194304                                   {product} {ergonomic}
   size_t MaxHeapSize                              = 4217372672                                {product} {ergonomic}
   size_t MinHeapDeltaBytes                        = 2097152                                   {product} {ergonomic}
   size_t MinHeapSize                              = 8388608                                   {product} {ergonomic}
    uintx NonNMethodCodeHeapSize                   = 7602176                                {pd product} {ergonomic}
    uintx NonProfiledCodeHeapSize                  = 122093568                              {pd product} {ergonomic}
    uintx ProfiledCodeHeapSize                     = 121962496                              {pd product} {ergonomic}
    uintx ReservedCodeCacheSize                    = 251658240                              {pd product} {ergonomic}
     bool SegmentedCodeCache                       = true                                      {product} {ergonomic}
   size_t SoftMaxHeapSize                          = 4217372672                             {manageable} {ergonomic}
     bool UseCompressedOops                        = true                           {product lp64_product} {ergonomic}
     bool UseG1GC                                  = true                                      {product} {ergonomic}
     bool UseLargePagesIndividualAllocation        = false                                  {pd product} {ergonomic}

Logging:
Log output configuration:
 #0: stdout all=warning uptime,level,tags foldmultilines=false
 #1: stderr all=off uptime,level,tags foldmultilines=false

Environment Variables:
PATH=C:\Program Files (x86)\VMware\VMware Workstation\bin\;C:\Program Files\Common Files\Oracle\Java\javapath;C:\Windows\system32;C:\Windows;C:\Windows\System32\Wbem;C:\Windows\System32\WindowsPowerShell\v1.0\;C:\Windows\System32\OpenSSH\;C:\Program Files (x86)\NVIDIA Corporation\PhysX\Common;C:\Program Files\dotnet\;C:\Program Files\Java\jdk-22\bin;C:\msys64\mingw64\bin;C:\Program Files (x86)\Microsoft SQL Server\160\DTS\Binn\;C:\Program Files\Azure Data Studio\bin;C:\Program Files (x86)\Microsoft SQL Server\160\Tools\Binn\;C:\Program Files\Microsoft SQL Server\160\Tools\Binn\;C:\Program Files\Microsoft SQL Server\Client SDK\ODBC\170\Tools\Binn\;C:\Program Files\Microsoft SQL Server\160\DTS\Binn\;C:\WINDOWS\system32;C:\WINDOWS;C:\WINDOWS\System32\Wbem;C:\WINDOWS\System32\WindowsPowerShell\v1.0\;C:\WINDOWS\System32\OpenSSH\;C:\Program Files\NVIDIA Corporation\NVIDIA app\NvDLISR;C:\Program Files\Cloudflare\Cloudflare WARP\;C:\Program Files\nodejs\;C:\laragon\bin\composer;C:\laragon\bin\git\bin;C:\laragon\bin\git\cmd;C:\laragon\bin\git\mingw64\bin;C:\laragon\bin\git\usr\bin;C:\laragon\bin\mysql\mysql-8.4.3-winx64\bin;C:\laragon\bin\ngrok;C:\laragon\bin\nodejs\node-v22;C:\laragon\bin\php\php-8.4.13-nts-Win32-vs17-x64;C:\laragon\bin\python\python-3.13;C:\laragon\bin\python\python-3.13\Scripts;C:\laragon\usr\bin;C:\Users\ADMIN\AppData\Local\Yarn\config\global\node_modules\.bin;C:\Users\ADMIN\AppData\Roaming\Composer\vendor\bin;C:\Users\ADMIN\AppData\Roaming\npm;C:\Users\ADMIN\AppData\Local\Microsoft\WindowsApps;C:\Program Files\JetBrains\IntelliJ IDEA 2024.2.3\bin;C:\msys64\mingw64\bin;C:\Program Files\Azure Data Studio\bin;C:\Users\ADMIN\AppData\Local\Programs\Microsoft VS Code\bin;C:\msys64\ucrt64\bin;C:\xampp\php;
USERNAME=ADMIN
OS=Windows_NT
PROCESSOR_IDENTIFIER=Intel64 Family 6 Model 154 Stepping 3, GenuineIntel
TMP=C:\Users\ADMIN\AppData\Local\Temp
TEMP=C:\Users\ADMIN\AppData\Local\Temp




Periodic native trim disabled

---------------  S Y S T E M  ---------------

OS:
 Windows 11 , 64 bit Build 26100 (10.0.26100.7623)
OS uptime: 0 days 0:59 hours
Hyper-V role detected

CPU: total 16 (initial active 16) (8 cores per cpu, 2 threads per core) family 6 model 154 stepping 3 microcode 0x424, cx8, cmov, fxsr, ht, mmx, 3dnowpref, sse, sse2, sse3, ssse3, sse4.1, sse4.2, popcnt, lzcnt, tsc, tscinvbit, avx, avx2, aes, erms, clmul, bmi1, bmi2, adx, sha, fma, vzeroupper, clflush, clflushopt, clwb, hv, serialize, rdtscp, rdpid, fsrm, gfni, f16c, cet_ibt, cet_ss
Processor Information for processor 0
  Max Mhz: 2300, Current Mhz: 2300, Mhz Limit: 2300
Processor Information for processor 1
  Max Mhz: 2300, Current Mhz: 2300, Mhz Limit: 2300
Processor Information for processor 2
  Max Mhz: 2300, Current Mhz: 1506, Mhz Limit: 2300
Processor Information for processor 3
  Max Mhz: 2300, Current Mhz: 1506, Mhz Limit: 2300
Processor Information for processor 4
  Max Mhz: 2300, Current Mhz: 2300, Mhz Limit: 2300
Processor Information for processor 5
  Max Mhz: 2300, Current Mhz: 2300, Mhz Limit: 2300
Processor Information for processor 6
  Max Mhz: 2300, Current Mhz: 1506, Mhz Limit: 2300
Processor Information for processor 7
  Max Mhz: 2300, Current Mhz: 1506, Mhz Limit: 2300
Processor Information for processor 8
  Max Mhz: 2300, Current Mhz: 2300, Mhz Limit: 2300
Processor Information for processor 9
  Max Mhz: 2300, Current Mhz: 2300, Mhz Limit: 2300
Processor Information for processor 10
  Max Mhz: 2300, Current Mhz: 2300, Mhz Limit: 2300
Processor Information for processor 11
  Max Mhz: 2300, Current Mhz: 1506, Mhz Limit: 2300
Processor Information for processor 12
  Max Mhz: 2300, Current Mhz: 2300, Mhz Limit: 2300
Processor Information for processor 13
  Max Mhz: 2300, Current Mhz: 2300, Mhz Limit: 2300
Processor Information for processor 14
  Max Mhz: 2300, Current Mhz: 1488, Mhz Limit: 2300
Processor Information for processor 15
  Max Mhz: 2300, Current Mhz: 1488, Mhz Limit: 2300

Memory: 4k page, system-wide physical 16085M (2385M free)
TotalPageFile size 18991M (AvailPageFile size 30M)
current process WorkingSet (physical memory assigned to process): 13M, peak: 13M
current process commit charge ("private bytes"): 20M, peak: 21M

vm_info: Java HotSpot(TM) 64-Bit Server VM (24+36-3646) for windows-amd64 JRE (24+36-3646), built on 2025-02-06T00:20:43Z with MS VC++ 17.6 (VS2022)

END.
